2025-02-20 11:07:16 - [✅ INFO] - Date parsing completed.
2025-02-20 11:07:16 - [✅ INFO] - Data cleaning completed.
2025-02-20 11:07:16 - [✅ INFO] - Handled missing values.
2025-02-20 11:07:16 - [✅ INFO] - Time-based features added.
2025-02-20 11:07:16 - [✅ INFO] - Preprocessing completed. Final shape: (9009, 10)
2025-02-20 11:13:21 - [✅ INFO] - Data loaded successfully. Shape: (9011, 2)
2025-02-20 11:13:23 - [✅ INFO] - Date parsing completed.
2025-02-20 11:13:23 - [✅ INFO] - Data cleaning completed.
2025-02-20 11:13:23 - [✅ INFO] - Handled missing values.
2025-02-20 11:13:23 - [✅ INFO] - Time-based features added.
2025-02-20 11:13:23 - [✅ INFO] - Preprocessing completed. Final shape: (9009, 10)
2025-02-20 11:13:33 - [✅ INFO] - Data loaded successfully. Shape: (9011, 2)
2025-02-20 11:13:43 - [✅ INFO] - Date parsing completed.
2025-02-20 11:14:25 - [✅ INFO] - Data cleaning completed.
2025-02-20 11:14:27 - [✅ INFO] - Handled missing values.
2025-02-20 11:14:31 - [✅ INFO] - Time-based features added.
2025-02-20 11:15:18 - [✅ INFO] - Data loaded successfully. Shape: (9011, 2)
2025-02-20 11:15:26 - [✅ INFO] - Data loaded successfully. Shape: (9011, 2)
2025-02-20 11:15:30 - [✅ INFO] - Date parsing completed.
2025-02-20 11:15:32 - [✅ INFO] - Data cleaning completed.
2025-02-20 11:15:35 - [✅ INFO] - Handled missing values.
2025-02-20 11:15:40 - [✅ INFO] - Time-based features added.
